<?xml version="1.0" encoding="UTF-8"?>
<!-- Generated by org.testng.reporters.JUnitXMLReporter -->
<testsuite ignored="0" hostname="IN-PG02NME2" failures="0" tests="6" name="Test" time="83.996" errors="0" timestamp="2023-08-05T00:06:51 IST">
  <testcase classname="tests.LoginTest" name="verifyLoginWithInvalidCredentials" time="0.975"/>
  <testcase classname="tests.LoginTest" name="verifyLoginWithInvalidPassword" time="0.965"/>
  <testcase classname="tests.LoginTest" name="verifyLoginWithInvalidUsername" time="0.943"/>
  <testcase classname="tests.LoginTest" name="verifyLoginWithValidCredentials" time="1.09"/>
  <testcase classname="tests.AddToCartTest" name="verifyAddToCartFunctionality" time="1.379"/>
  <testcase classname="tests.LogoutTest" name="verifyAddToCartFunctionality" time="63.35"/>
</testsuite> <!-- Test -->
