<?xml version="1.0" encoding="UTF-8"?>
<!-- Generated by org.testng.reporters.JUnitXMLReporter -->
<testsuite ignored="0" hostname="IN-PG02NME2" failures="0" tests="6" name="Test" time="37.066" errors="0" timestamp="2023-08-07T11:35:47 IST">
  <testcase classname="tests.LoginTest" name="verifyLoginWithValidCredentials" time="1.269"/>
  <testcase classname="tests.LoginTest" name="verifyLoginWithInvalidCredentials" time="1.204"/>
  <testcase classname="tests.LoginTest" name="verifyLoginWithInvalidPassword" time="1.193"/>
  <testcase classname="tests.LoginTest" name="verifyLoginWithInvalidUsername" time="1.343"/>
  <testcase classname="tests.AddToCartTest" name="verifyAddToCartFunctionality" time="1.969"/>
  <testcase classname="tests.LogoutTest" name="verifyAddToCartFunctionality" time="4.712"/>
</testsuite> <!-- Test -->
