<?xml version="1.0" encoding="UTF-8"?>
<!-- Generated by org.testng.reporters.JUnitXMLReporter -->
<testsuite ignored="0" hostname="IN-PG02NME2" failures="0" tests="6" name="Command line test" time="36.133" errors="0" timestamp="2023-08-05T14:27:19 IST">
  <testcase classname="tests.AddToCartTest" name="verifyAddToCartFunctionality" time="1.192"/>
  <testcase classname="tests.LoginTest" name="verifyLoginWithInvalidCredentials" time="1.06"/>
  <testcase classname="tests.LoginTest" name="verifyLoginWithInvalidPassword" time="1.022"/>
  <testcase classname="tests.LoginTest" name="verifyLoginWithInvalidUsername" time="0.986"/>
  <testcase classname="tests.LoginTest" name="verifyLoginWithValidCredentials" time="1.048"/>
  <testcase classname="tests.LogoutTest" name="verifyAddToCartFunctionality" time="4.28"/>
</testsuite> <!-- Command line test -->
