<?xml version="1.0" encoding="UTF-8" ?>
<testsuite tests="6" failures="0" name="TestSuite" time="9.591" errors="0" skipped="0">
  <properties>
[...]
</properties>
  <testcase classname="tests.AddToCartTest" name="verifyAddToCartFunctionality" time="1.196"/>
  <testcase classname="tests.LoginTest" name="verifyLoginWithInvalidCredentials" time="1.06"/>
  <testcase classname="tests.LoginTest" name="verifyLoginWithInvalidPassword" time="1.022"/>
  <testcase classname="tests.LoginTest" name="verifyLoginWithInvalidUsername" time="0.986"/>
  <testcase classname="tests.LoginTest" name="verifyLoginWithValidCredentials" time="1.047"/>
  <testcase classname="tests.LogoutTest" name="verifyAddToCartFunctionality" time="4.28"/>
</testsuite>