<?xml version="1.0" encoding="UTF-8"?>
<testng-results ignored="0" total="6" passed="6" failed="0" skipped="0">
  <reporter-output>
  </reporter-output>
  <suite started-at="2023-08-07T11:35:10 IST" name="Suite" finished-at="2023-08-07T11:35:47 IST" duration-ms="37066">
    <groups>
    </groups>
    <test started-at="2023-08-07T11:35:10 IST" name="Test" finished-at="2023-08-07T11:35:47 IST" duration-ms="37066">
      <class name="tests.LoginTest">
        <test-method is-config="true" signature="setup(org.testng.ITestContext)[pri:0, instance:tests.LoginTest@1cf6d1be]" started-at="2023-08-07T11:35:10 IST" name="setup" finished-at="2023-08-07T11:35:19 IST" duration-ms="9028" status="PASS">
          <params>
            <param index="0">
              <value>
                <![CDATA[org.testng.TestRunner@626d2016]]>
              </value>
            </param>
          </params>
          <reporter-output>
          </reporter-output>
        </test-method> <!-- setup -->
        <test-method signature="verifyLoginWithValidCredentials()[pri:0, instance:tests.LoginTest@1cf6d1be]" started-at="2023-08-07T11:35:19 IST" name="verifyLoginWithValidCredentials" description="This test valids whether user is able to login with valid credentials" finished-at="2023-08-07T11:35:20 IST" duration-ms="1269" status="PASS">
          <reporter-output>
          </reporter-output>
        </test-method> <!-- verifyLoginWithValidCredentials -->
        <test-method is-config="true" signature="closeDown()[pri:0, instance:tests.LoginTest@1cf6d1be]" started-at="2023-08-07T11:35:20 IST" name="closeDown" finished-at="2023-08-07T11:35:21 IST" duration-ms="548" status="PASS">
          <reporter-output>
          </reporter-output>
        </test-method> <!-- closeDown -->
        <test-method is-config="true" signature="setup(org.testng.ITestContext)[pri:0, instance:tests.LoginTest@1cf6d1be]" started-at="2023-08-07T11:35:21 IST" name="setup" finished-at="2023-08-07T11:35:24 IST" duration-ms="2592" status="PASS">
          <params>
            <param index="0">
              <value>
                <![CDATA[org.testng.TestRunner@626d2016]]>
              </value>
            </param>
          </params>
          <reporter-output>
          </reporter-output>
        </test-method> <!-- setup -->
        <test-method signature="verifyLoginWithInvalidCredentials()[pri:1, instance:tests.LoginTest@1cf6d1be]" started-at="2023-08-07T11:35:24 IST" name="verifyLoginWithInvalidCredentials" description="This test valids whether user is able to login with invalid credentials" finished-at="2023-08-07T11:35:25 IST" duration-ms="1204" status="PASS">
          <reporter-output>
          </reporter-output>
        </test-method> <!-- verifyLoginWithInvalidCredentials -->
        <test-method is-config="true" signature="closeDown()[pri:0, instance:tests.LoginTest@1cf6d1be]" started-at="2023-08-07T11:35:25 IST" name="closeDown" finished-at="2023-08-07T11:35:25 IST" duration-ms="286" status="PASS">
          <reporter-output>
          </reporter-output>
        </test-method> <!-- closeDown -->
        <test-method is-config="true" signature="setup(org.testng.ITestContext)[pri:0, instance:tests.LoginTest@1cf6d1be]" started-at="2023-08-07T11:35:25 IST" name="setup" finished-at="2023-08-07T11:35:27 IST" duration-ms="2291" status="PASS">
          <params>
            <param index="0">
              <value>
                <![CDATA[org.testng.TestRunner@626d2016]]>
              </value>
            </param>
          </params>
          <reporter-output>
          </reporter-output>
        </test-method> <!-- setup -->
        <test-method signature="verifyLoginWithInvalidPassword()[pri:2, instance:tests.LoginTest@1cf6d1be]" started-at="2023-08-07T11:35:27 IST" name="verifyLoginWithInvalidPassword" description="This test valids whether user is able to login with invalid password" finished-at="2023-08-07T11:35:29 IST" duration-ms="1193" status="PASS">
          <reporter-output>
          </reporter-output>
        </test-method> <!-- verifyLoginWithInvalidPassword -->
        <test-method is-config="true" signature="closeDown()[pri:0, instance:tests.LoginTest@1cf6d1be]" started-at="2023-08-07T11:35:29 IST" name="closeDown" finished-at="2023-08-07T11:35:29 IST" duration-ms="251" status="PASS">
          <reporter-output>
          </reporter-output>
        </test-method> <!-- closeDown -->
        <test-method is-config="true" signature="setup(org.testng.ITestContext)[pri:0, instance:tests.LoginTest@1cf6d1be]" started-at="2023-08-07T11:35:29 IST" name="setup" finished-at="2023-08-07T11:35:31 IST" duration-ms="2525" status="PASS">
          <params>
            <param index="0">
              <value>
                <![CDATA[org.testng.TestRunner@626d2016]]>
              </value>
            </param>
          </params>
          <reporter-output>
          </reporter-output>
        </test-method> <!-- setup -->
        <test-method signature="verifyLoginWithInvalidUsername()[pri:3, instance:tests.LoginTest@1cf6d1be]" started-at="2023-08-07T11:35:31 IST" name="verifyLoginWithInvalidUsername" description="This test valids whether user is able to login with invalid username" finished-at="2023-08-07T11:35:33 IST" duration-ms="1343" status="PASS">
          <reporter-output>
          </reporter-output>
        </test-method> <!-- verifyLoginWithInvalidUsername -->
        <test-method is-config="true" signature="closeDown()[pri:0, instance:tests.LoginTest@1cf6d1be]" started-at="2023-08-07T11:35:33 IST" name="closeDown" finished-at="2023-08-07T11:35:33 IST" duration-ms="321" status="PASS">
          <reporter-output>
          </reporter-output>
        </test-method> <!-- closeDown -->
      </class> <!-- tests.LoginTest -->
      <class name="tests.AddToCartTest">
        <test-method is-config="true" signature="setup(org.testng.ITestContext)[pri:0, instance:tests.AddToCartTest@221a3fa4]" started-at="2023-08-07T11:35:33 IST" name="setup" finished-at="2023-08-07T11:35:36 IST" duration-ms="2942" status="PASS">
          <params>
            <param index="0">
              <value>
                <![CDATA[org.testng.TestRunner@626d2016]]>
              </value>
            </param>
          </params>
          <reporter-output>
          </reporter-output>
        </test-method> <!-- setup -->
        <test-method signature="verifyAddToCartFunctionality()[pri:0, instance:tests.AddToCartTest@221a3fa4]" started-at="2023-08-07T11:35:36 IST" name="verifyAddToCartFunctionality" finished-at="2023-08-07T11:35:38 IST" duration-ms="1969" status="PASS">
          <reporter-output>
          </reporter-output>
        </test-method> <!-- verifyAddToCartFunctionality -->
        <test-method is-config="true" signature="closeDown()[pri:0, instance:tests.AddToCartTest@221a3fa4]" started-at="2023-08-07T11:35:38 IST" name="closeDown" finished-at="2023-08-07T11:35:39 IST" duration-ms="729" status="PASS">
          <reporter-output>
          </reporter-output>
        </test-method> <!-- closeDown -->
      </class> <!-- tests.AddToCartTest -->
      <class name="tests.LogoutTest">
        <test-method is-config="true" signature="setup(org.testng.ITestContext)[pri:0, instance:tests.LogoutTest@451001e5]" started-at="2023-08-07T11:35:39 IST" name="setup" finished-at="2023-08-07T11:35:42 IST" duration-ms="3472" status="PASS">
          <params>
            <param index="0">
              <value>
                <![CDATA[org.testng.TestRunner@626d2016]]>
              </value>
            </param>
          </params>
          <reporter-output>
          </reporter-output>
        </test-method> <!-- setup -->
        <test-method signature="verifyAddToCartFunctionality()[pri:0, instance:tests.LogoutTest@451001e5]" started-at="2023-08-07T11:35:42 IST" name="verifyAddToCartFunctionality" finished-at="2023-08-07T11:35:47 IST" duration-ms="4712" status="PASS">
          <reporter-output>
          </reporter-output>
        </test-method> <!-- verifyAddToCartFunctionality -->
        <test-method is-config="true" signature="closeDown()[pri:0, instance:tests.LogoutTest@451001e5]" started-at="2023-08-07T11:35:47 IST" name="closeDown" finished-at="2023-08-07T11:35:47 IST" duration-ms="311" status="PASS">
          <reporter-output>
          </reporter-output>
        </test-method> <!-- closeDown -->
      </class> <!-- tests.LogoutTest -->
    </test> <!-- Test -->
  </suite> <!-- Suite -->
</testng-results>
